<?xml version="1.0" encoding="UTF-8"?>
<testsuites name="BookinAPi" time="5.003" tests="3" failures="0" errors="1">
   <testsuite name="BookinAPi" tests="3" failures="0" errors="1" time="5.003" skipped="0" timestamp="22-09-2024T00:39:44" hostname="putriirmaw - localhost" id="Test Suites/BookinAPi">
      <properties>
         <property name="deviceName" value=""/>
         <property name="devicePlatform"/>
         <property name="logFolder" value="/Users/putriirmaw/git/katalon-finalapi-PutriIrmaWulandari/Reports/20240922_003942/BookinAPi/20240922_003943"/>
         <property name="logFiles" value="/Users/putriirmaw/git/katalon-finalapi-PutriIrmaWulandari/Reports/20240922_003942/BookinAPi/20240922_003943/execution0.log"/>
         <property name="attachments" value=""/>
         <property name="hostName" value="putriirmaw - localhost"/>
         <property name="hostAddress" value="127.0.0.1"/>
         <property name="os" value="Mac OS X 64bit"/>
         <property name="katalonVersion" value="9.7.2.223"/>
      </properties>
      <testcase name="Test Cases/GET" time="1.852" classname="Test Cases/GET" status="PASSED">
         <system-out><![CDATA[22-09-2024T00:39:44 - [TEST_CASE][PASSED] - Test Cases/GET: Test Cases/GET

22-09-2024T00:39:44 - [TEST_STEP][PASSED] - getResponse = sendRequest(findTestObject("GET")): Send request successfully

22-09-2024T00:39:46 - [MESSAGE][INFO] - HAR: /Users/putriirmaw/git/katalon-finalapi-PutriIrmaWulandari/Reports/20240922_003942/BookinAPi/20240922_003943/requests/main/0.har

22-09-2024T00:39:46 - [MESSAGE][PASSED] - Send request successfully

22-09-2024T00:39:46 - [TEST_STEP][PASSED] - verifyResponseStatusCode(getResponse, 200): Verify response status code successfully

22-09-2024T00:39:46 - [MESSAGE][PASSED] - Verify response status code successfully

22-09-2024T00:39:46 - [TEST_STEP][PASSED] - slurper = new groovy.json.JsonSlurper(): null

22-09-2024T00:39:46 - [TEST_STEP][PASSED] - result = slurper.parseText(getResponse.getResponseBodyContent()): null

22-09-2024T00:39:46 - [TEST_STEP][PASSED] - firstname = firstname: null

22-09-2024T00:39:46 - [TEST_STEP][PASSED] - assert firstname instanceof java.lang.String: null

22-09-2024T00:39:46 - [TEST_STEP][PASSED] - lastname = lastname: null

22-09-2024T00:39:46 - [TEST_STEP][PASSED] - assert lastname instanceof java.lang.String: null

22-09-2024T00:39:46 - [TEST_STEP][PASSED] - totalprice = totalprice: null

22-09-2024T00:39:46 - [TEST_STEP][PASSED] - assert totalprice instanceof java.lang.Integer: null

22-09-2024T00:39:46 - [TEST_STEP][PASSED] - depositpaid = depositpaid: null

22-09-2024T00:39:46 - [TEST_STEP][PASSED] - assert depositpaid instanceof java.lang.Boolean: null

22-09-2024T00:39:46 - [TEST_STEP][PASSED] - bookingdates = bookingdates: null

22-09-2024T00:39:46 - [TEST_STEP][PASSED] - assert bookingdates instanceof java.lang.Object: null

22-09-2024T00:39:46 - [TEST_STEP][PASSED] - checkin = checkin: null

22-09-2024T00:39:46 - [TEST_STEP][PASSED] - assert checkin instanceof java.lang.String: null

22-09-2024T00:39:46 - [TEST_STEP][PASSED] - checkout = checkout: null

22-09-2024T00:39:46 - [TEST_STEP][PASSED] - assert checkout instanceof java.lang.String: null

22-09-2024T00:39:46 - [TEST_STEP][PASSED] - additionalneeds = additionalneeds: null

22-09-2024T00:39:46 - [TEST_STEP][PASSED] - assert additionalneeds instanceof java.lang.String: null

22-09-2024T00:39:46 - [TEST_STEP][PASSED] - println(getResponse): null]]></system-out>
         <system-err><![CDATA[]]></system-err>
      </testcase>
      <testcase name="Test Cases/POST" time="0.336" classname="Test Cases/POST" status="PASSED">
         <system-out><![CDATA[22-09-2024T00:39:46 - [TEST_CASE][PASSED] - Test Cases/POST: Test Cases/POST

22-09-2024T00:39:46 - [TEST_STEP][PASSED] - postResponse = sendRequest(findTestObject("POST")): Send request successfully

22-09-2024T00:39:46 - [MESSAGE][INFO] - HAR: /Users/putriirmaw/git/katalon-finalapi-PutriIrmaWulandari/Reports/20240922_003942/BookinAPi/20240922_003943/requests/main/1.har

22-09-2024T00:39:46 - [MESSAGE][PASSED] - Send request successfully

22-09-2024T00:39:46 - [TEST_STEP][PASSED] - verifyResponseStatusCode(postResponse, 200): Verify response status code successfully

22-09-2024T00:39:46 - [MESSAGE][PASSED] - Verify response status code successfully

22-09-2024T00:39:46 - [TEST_STEP][PASSED] - slurper = new groovy.json.JsonSlurper(): null

22-09-2024T00:39:46 - [TEST_STEP][PASSED] - result = slurper.parseText(postResponse.getResponseBodyContent()): null

22-09-2024T00:39:46 - [TEST_STEP][PASSED] - println(postResponse): null]]></system-out>
         <system-err><![CDATA[]]></system-err>
      </testcase>
      <testcase name="Test Cases/DELETE" time="0.82" classname="Test Cases/DELETE" status="ERROR">
         <error type="ERROR" message="Test Cases/DELETE FAILED.&#xa;Reason:&#xa;groovy.json.JsonException: Unable to determine the current character, it is not a string, number, array, or object&#xa;&#xa;The current character read is 'M' with an int value of 77&#xa;Unable to determine the current character, it is not a string, number, array, or object&#xa;line number 1&#xa;index number 0&#xa;Method Not Allowed&#xa;^&#xa;	at org.apache.groovy.json.internal.JsonParserCharArray.decodeValueInternal(JsonParserCharArray.java:202)&#xa;	at org.apache.groovy.json.internal.JsonParserCharArray.decodeValue(JsonParserCharArray.java:153)&#xa;	at org.apache.groovy.json.internal.JsonParserCharArray.decodeFromChars(JsonParserCharArray.java:43)&#xa;	at org.apache.groovy.json.internal.JsonParserCharArray.parse(JsonParserCharArray.java:380)&#xa;	at org.apache.groovy.json.internal.BaseJsonParser.parse(BaseJsonParser.java:113)&#xa;	at DELETE.run(DELETE:36)&#xa;	at com.kms.katalon.core.main.ScriptEngine.run(ScriptEngine.java:194)&#xa;	at com.kms.katalon.core.main.ScriptEngine.runScriptAsRawText(ScriptEngine.java:119)&#xa;	at com.kms.katalon.core.main.TestCaseExecutor.runScript(TestCaseExecutor.java:448)&#xa;	at com.kms.katalon.core.main.TestCaseExecutor.doExecute(TestCaseExecutor.java:439)&#xa;	at com.kms.katalon.core.main.TestCaseExecutor.processExecutionPhase(TestCaseExecutor.java:418)&#xa;	at com.kms.katalon.core.main.TestCaseExecutor.accessMainPhase(TestCaseExecutor.java:410)&#xa;	at com.kms.katalon.core.main.TestCaseExecutor.execute(TestCaseExecutor.java:285)&#xa;	at com.kms.katalon.core.main.TestCaseExecutor.execute(TestCaseExecutor.java:369)&#xa;	at com.kms.katalon.core.main.TestCaseExecutor.execute(TestCaseExecutor.java:369)&#xa;	at com.kms.katalon.core.main.TestCaseExecutor.execute(TestCaseExecutor.java:369)&#xa;	at com.kms.katalon.core.common.CommonExecutor.accessTestCaseMainPhase(CommonExecutor.java:65)&#xa;	at com.kms.katalon.core.main.TestSuiteExecutor.accessTestSuiteMainPhase(TestSuiteExecutor.java:150)&#xa;	at com.kms.katalon.core.main.TestSuiteExecutor.execute(TestSuiteExecutor.java:106)&#xa;	at com.kms.katalon.core.main.TestCaseMain.startTestSuite(TestCaseMain.java:180)&#xa;	at TempTestSuite1726940383689.run(TempTestSuite1726940383689.groovy:35)&#xa;	at java.base/jdk.internal.reflect.NativeMethodAccessorImpl.invoke0(Native Method)&#xa;	at java.base/jdk.internal.reflect.NativeMethodAccessorImpl.invoke(NativeMethodAccessorImpl.java:77)&#xa;	at java.base/jdk.internal.reflect.DelegatingMethodAccessorImpl.invoke(DelegatingMethodAccessorImpl.java:43)&#xa;"/>
         <system-out><![CDATA[22-09-2024T00:39:48 - [TEST_CASE][ERROR] - Test Cases/DELETE: Test Cases/DELETE FAILED.
Reason:
groovy.json.JsonException: Unable to determine the current character, it is not a string, number, array, or object

The current character read is 'M' with an int value of 77
Unable to determine the current character, it is not a string, number, array, or object
line number 1
index number 0
Method Not Allowed
^
	at org.apache.groovy.json.internal.JsonParserCharArray.decodeValueInternal(JsonParserCharArray.java:202)
	at org.apache.groovy.json.internal.JsonParserCharArray.decodeValue(JsonParserCharArray.java:153)
	at org.apache.groovy.json.internal.JsonParserCharArray.decodeFromChars(JsonParserCharArray.java:43)
	at org.apache.groovy.json.internal.JsonParserCharArray.parse(JsonParserCharArray.java:380)
	at org.apache.groovy.json.internal.BaseJsonParser.parse(BaseJsonParser.java:113)
	at DELETE.run(DELETE:36)
	at com.kms.katalon.core.main.ScriptEngine.run(ScriptEngine.java:194)
	at com.kms.katalon.core.main.ScriptEngine.runScriptAsRawText(ScriptEngine.java:119)
	at com.kms.katalon.core.main.TestCaseExecutor.runScript(TestCaseExecutor.java:448)
	at com.kms.katalon.core.main.TestCaseExecutor.doExecute(TestCaseExecutor.java:439)
	at com.kms.katalon.core.main.TestCaseExecutor.processExecutionPhase(TestCaseExecutor.java:418)
	at com.kms.katalon.core.main.TestCaseExecutor.accessMainPhase(TestCaseExecutor.java:410)
	at com.kms.katalon.core.main.TestCaseExecutor.execute(TestCaseExecutor.java:285)
	at com.kms.katalon.core.main.TestCaseExecutor.execute(TestCaseExecutor.java:369)
	at com.kms.katalon.core.main.TestCaseExecutor.execute(TestCaseExecutor.java:369)
	at com.kms.katalon.core.main.TestCaseExecutor.execute(TestCaseExecutor.java:369)
	at com.kms.katalon.core.common.CommonExecutor.accessTestCaseMainPhase(CommonExecutor.java:65)
	at com.kms.katalon.core.main.TestSuiteExecutor.accessTestSuiteMainPhase(TestSuiteExecutor.java:150)
	at com.kms.katalon.core.main.TestSuiteExecutor.execute(TestSuiteExecutor.java:106)
	at com.kms.katalon.core.main.TestCaseMain.startTestSuite(TestCaseMain.java:180)
	at TempTestSuite1726940383689.run(TempTestSuite1726940383689.groovy:35)
	at java.base/jdk.internal.reflect.NativeMethodAccessorImpl.invoke0(Native Method)
	at java.base/jdk.internal.reflect.NativeMethodAccessorImpl.invoke(NativeMethodAccessorImpl.java:77)
	at java.base/jdk.internal.reflect.DelegatingMethodAccessorImpl.invoke(DelegatingMethodAccessorImpl.java:43)


22-09-2024T00:39:48 - [TEST_STEP][PASSED] - slurper = new groovy.json.JsonSlurper(): null

22-09-2024T00:39:48 - [TEST_STEP][PASSED] - getResponseAuth = sendRequest(findTestObject("auth")): Send request successfully

22-09-2024T00:39:49 - [MESSAGE][INFO] - HAR: /Users/putriirmaw/git/katalon-finalapi-PutriIrmaWulandari/Reports/20240922_003942/BookinAPi/20240922_003943/requests/main/8.har

22-09-2024T00:39:49 - [MESSAGE][PASSED] - Send request successfully

22-09-2024T00:39:49 - [TEST_STEP][PASSED] - verifyResponseStatusCode(getResponseAuth, 200): Verify response status code successfully

22-09-2024T00:39:49 - [MESSAGE][PASSED] - Verify response status code successfully

22-09-2024T00:39:49 - [TEST_STEP][PASSED] - result = slurper.parseText(getResponseAuth.getResponseBodyContent()): null

22-09-2024T00:39:49 - [TEST_STEP][PASSED] - Auth = token: null

22-09-2024T00:39:49 - [TEST_STEP][PASSED] - println(getResponseAuth): null

22-09-2024T00:39:49 - [TEST_STEP][PASSED] - delResponse = sendRequest(findTestObject("DELETE", ["id":"3082"])): Send request successfully

22-09-2024T00:39:49 - [MESSAGE][INFO] - HAR: /Users/putriirmaw/git/katalon-finalapi-PutriIrmaWulandari/Reports/20240922_003942/BookinAPi/20240922_003943/requests/main/9.har

22-09-2024T00:39:49 - [MESSAGE][PASSED] - Send request successfully

22-09-2024T00:39:49 - [TEST_STEP][ERROR] - result2 = slurper.parseText(delResponse.getResponseBodyContent()): Test Cases/DELETE FAILED.
Reason:
groovy.json.JsonException: Unable to determine the current character, it is not a string, number, array, or object

The current character read is 'M' with an int value of 77
Unable to determine the current character, it is not a string, number, array, or object
line number 1
index number 0
Method Not Allowed
^
	at org.apache.groovy.json.internal.JsonParserCharArray.decodeValueInternal(JsonParserCharArray.java:202)
	at org.apache.groovy.json.internal.JsonParserCharArray.decodeValue(JsonParserCharArray.java:153)
	at org.apache.groovy.json.internal.JsonParserCharArray.decodeFromChars(JsonParserCharArray.java:43)
	at org.apache.groovy.json.internal.JsonParserCharArray.parse(JsonParserCharArray.java:380)
	at org.apache.groovy.json.internal.BaseJsonParser.parse(BaseJsonParser.java:113)
	at DELETE.run(DELETE:36)
	at com.kms.katalon.core.main.ScriptEngine.run(ScriptEngine.java:194)
	at com.kms.katalon.core.main.ScriptEngine.runScriptAsRawText(ScriptEngine.java:119)
	at com.kms.katalon.core.main.TestCaseExecutor.runScript(TestCaseExecutor.java:448)
	at com.kms.katalon.core.main.TestCaseExecutor.doExecute(TestCaseExecutor.java:439)
	at com.kms.katalon.core.main.TestCaseExecutor.processExecutionPhase(TestCaseExecutor.java:418)
	at com.kms.katalon.core.main.TestCaseExecutor.accessMainPhase(TestCaseExecutor.java:410)
	at com.kms.katalon.core.main.TestCaseExecutor.execute(TestCaseExecutor.java:285)
	at com.kms.katalon.core.main.TestCaseExecutor.execute(TestCaseExecutor.java:369)
	at com.kms.katalon.core.main.TestCaseExecutor.execute(TestCaseExecutor.java:369)
	at com.kms.katalon.core.main.TestCaseExecutor.execute(TestCaseExecutor.java:369)
	at com.kms.katalon.core.common.CommonExecutor.accessTestCaseMainPhase(CommonExecutor.java:65)
	at com.kms.katalon.core.main.TestSuiteExecutor.accessTestSuiteMainPhase(TestSuiteExecutor.java:150)
	at com.kms.katalon.core.main.TestSuiteExecutor.execute(TestSuiteExecutor.java:106)
	at com.kms.katalon.core.main.TestCaseMain.startTestSuite(TestCaseMain.java:180)
	at TempTestSuite1726940383689.run(TempTestSuite1726940383689.groovy:35)
	at java.base/jdk.internal.reflect.NativeMethodAccessorImpl.invoke0(Native Method)
	at java.base/jdk.internal.reflect.NativeMethodAccessorImpl.invoke(NativeMethodAccessorImpl.java:77)
	at java.base/jdk.internal.reflect.DelegatingMethodAccessorImpl.invoke(DelegatingMethodAccessorImpl.java:43)


22-09-2024T00:39:49 - [MESSAGE][ERROR] - Test Cases/DELETE FAILED.
Reason:
groovy.json.JsonException: Unable to determine the current character, it is not a string, number, array, or object

The current character read is 'M' with an int value of 77
Unable to determine the current character, it is not a string, number, array, or object
line number 1
index number 0
Method Not Allowed
^
	at org.apache.groovy.json.internal.JsonParserCharArray.decodeValueInternal(JsonParserCharArray.java:202)
	at org.apache.groovy.json.internal.JsonParserCharArray.decodeValue(JsonParserCharArray.java:153)
	at org.apache.groovy.json.internal.JsonParserCharArray.decodeFromChars(JsonParserCharArray.java:43)
	at org.apache.groovy.json.internal.JsonParserCharArray.parse(JsonParserCharArray.java:380)
	at org.apache.groovy.json.internal.BaseJsonParser.parse(BaseJsonParser.java:113)
	at DELETE.run(DELETE:36)
	at com.kms.katalon.core.main.ScriptEngine.run(ScriptEngine.java:194)
	at com.kms.katalon.core.main.ScriptEngine.runScriptAsRawText(ScriptEngine.java:119)
	at com.kms.katalon.core.main.TestCaseExecutor.runScript(TestCaseExecutor.java:448)
	at com.kms.katalon.core.main.TestCaseExecutor.doExecute(TestCaseExecutor.java:439)
	at com.kms.katalon.core.main.TestCaseExecutor.processExecutionPhase(TestCaseExecutor.java:418)
	at com.kms.katalon.core.main.TestCaseExecutor.accessMainPhase(TestCaseExecutor.java:410)
	at com.kms.katalon.core.main.TestCaseExecutor.execute(TestCaseExecutor.java:285)
	at com.kms.katalon.core.main.TestCaseExecutor.execute(TestCaseExecutor.java:369)
	at com.kms.katalon.core.main.TestCaseExecutor.execute(TestCaseExecutor.java:369)
	at com.kms.katalon.core.main.TestCaseExecutor.execute(TestCaseExecutor.java:369)
	at com.kms.katalon.core.common.CommonExecutor.accessTestCaseMainPhase(CommonExecutor.java:65)
	at com.kms.katalon.core.main.TestSuiteExecutor.accessTestSuiteMainPhase(TestSuiteExecutor.java:150)
	at com.kms.katalon.core.main.TestSuiteExecutor.execute(TestSuiteExecutor.java:106)
	at com.kms.katalon.core.main.TestCaseMain.startTestSuite(TestCaseMain.java:180)
	at TempTestSuite1726940383689.run(TempTestSuite1726940383689.groovy:35)
	at java.base/jdk.internal.reflect.NativeMethodAccessorImpl.invoke0(Native Method)
	at java.base/jdk.internal.reflect.NativeMethodAccessorImpl.invoke(NativeMethodAccessorImpl.java:77)
	at java.base/jdk.internal.reflect.DelegatingMethodAccessorImpl.invoke(DelegatingMethodAccessorImpl.java:43)]]></system-out>
         <system-err><![CDATA[22-09-2024T00:39:48 - [TEST_CASE][ERROR] - Test Cases/DELETE: Test Cases/DELETE FAILED.
Reason:
groovy.json.JsonException: Unable to determine the current character, it is not a string, number, array, or object

The current character read is 'M' with an int value of 77
Unable to determine the current character, it is not a string, number, array, or object
line number 1
index number 0
Method Not Allowed
^
	at org.apache.groovy.json.internal.JsonParserCharArray.decodeValueInternal(JsonParserCharArray.java:202)
	at org.apache.groovy.json.internal.JsonParserCharArray.decodeValue(JsonParserCharArray.java:153)
	at org.apache.groovy.json.internal.JsonParserCharArray.decodeFromChars(JsonParserCharArray.java:43)
	at org.apache.groovy.json.internal.JsonParserCharArray.parse(JsonParserCharArray.java:380)
	at org.apache.groovy.json.internal.BaseJsonParser.parse(BaseJsonParser.java:113)
	at DELETE.run(DELETE:36)
	at com.kms.katalon.core.main.ScriptEngine.run(ScriptEngine.java:194)
	at com.kms.katalon.core.main.ScriptEngine.runScriptAsRawText(ScriptEngine.java:119)
	at com.kms.katalon.core.main.TestCaseExecutor.runScript(TestCaseExecutor.java:448)
	at com.kms.katalon.core.main.TestCaseExecutor.doExecute(TestCaseExecutor.java:439)
	at com.kms.katalon.core.main.TestCaseExecutor.processExecutionPhase(TestCaseExecutor.java:418)
	at com.kms.katalon.core.main.TestCaseExecutor.accessMainPhase(TestCaseExecutor.java:410)
	at com.kms.katalon.core.main.TestCaseExecutor.execute(TestCaseExecutor.java:285)
	at com.kms.katalon.core.main.TestCaseExecutor.execute(TestCaseExecutor.java:369)
	at com.kms.katalon.core.main.TestCaseExecutor.execute(TestCaseExecutor.java:369)
	at com.kms.katalon.core.main.TestCaseExecutor.execute(TestCaseExecutor.java:369)
	at com.kms.katalon.core.common.CommonExecutor.accessTestCaseMainPhase(CommonExecutor.java:65)
	at com.kms.katalon.core.main.TestSuiteExecutor.accessTestSuiteMainPhase(TestSuiteExecutor.java:150)
	at com.kms.katalon.core.main.TestSuiteExecutor.execute(TestSuiteExecutor.java:106)
	at com.kms.katalon.core.main.TestCaseMain.startTestSuite(TestCaseMain.java:180)
	at TempTestSuite1726940383689.run(TempTestSuite1726940383689.groovy:35)
	at java.base/jdk.internal.reflect.NativeMethodAccessorImpl.invoke0(Native Method)
	at java.base/jdk.internal.reflect.NativeMethodAccessorImpl.invoke(NativeMethodAccessorImpl.java:77)
	at java.base/jdk.internal.reflect.DelegatingMethodAccessorImpl.invoke(DelegatingMethodAccessorImpl.java:43)]]></system-err>
      </testcase>
      <system-out><![CDATA[22-09-2024T00:39:44 - [TEST_SUITE][ERROR] - BookinAPi: Test Cases/DELETE FAILED.
Reason:
groovy.json.JsonException: Unable to determine the current character, it is not a string, number, array, or object

The current character read is 'M' with an int value of 77
Unable to determine the current character, it is not a string, number, array, or object
line number 1
index number 0
Method Not Allowed
^
	at org.apache.groovy.json.internal.JsonParserCharArray.decodeValueInternal(JsonParserCharArray.java:202)
	at org.apache.groovy.json.internal.JsonParserCharArray.decodeValue(JsonParserCharArray.java:153)
	at org.apache.groovy.json.internal.JsonParserCharArray.decodeFromChars(JsonParserCharArray.java:43)
	at org.apache.groovy.json.internal.JsonParserCharArray.parse(JsonParserCharArray.java:380)
	at org.apache.groovy.json.internal.BaseJsonParser.parse(BaseJsonParser.java:113)
	at DELETE.run(DELETE:36)
	at com.kms.katalon.core.main.ScriptEngine.run(ScriptEngine.java:194)
	at com.kms.katalon.core.main.ScriptEngine.runScriptAsRawText(ScriptEngine.java:119)
	at com.kms.katalon.core.main.TestCaseExecutor.runScript(TestCaseExecutor.java:448)
	at com.kms.katalon.core.main.TestCaseExecutor.doExecute(TestCaseExecutor.java:439)
	at com.kms.katalon.core.main.TestCaseExecutor.processExecutionPhase(TestCaseExecutor.java:418)
	at com.kms.katalon.core.main.TestCaseExecutor.accessMainPhase(TestCaseExecutor.java:410)
	at com.kms.katalon.core.main.TestCaseExecutor.execute(TestCaseExecutor.java:285)
	at com.kms.katalon.core.common.CommonExecutor.accessTestCaseMainPhase(CommonExecutor.java:65)
	at com.kms.katalon.core.main.TestSuiteExecutor.accessTestSuiteMainPhase(TestSuiteExecutor.java:150)
	at com.kms.katalon.core.main.TestSuiteExecutor.execute(TestSuiteExecutor.java:106)
	at com.kms.katalon.core.main.TestCaseMain.startTestSuite(TestCaseMain.java:180)
	at TempTestSuite1726940383689.run(TempTestSuite1726940383689.groovy:35)
	at java.base/jdk.internal.reflect.NativeMethodAccessorImpl.invoke0(Native Method)
	at java.base/jdk.internal.reflect.NativeMethodAccessorImpl.invoke(NativeMethodAccessorImpl.java:77)
	at java.base/jdk.internal.reflect.DelegatingMethodAccessorImpl.invoke(DelegatingMethodAccessorImpl.java:43)]]></system-out>
      <system-err><![CDATA[22-09-2024T00:39:44 - [TEST_SUITE][ERROR] - BookinAPi: Test Cases/DELETE FAILED.
Reason:
groovy.json.JsonException: Unable to determine the current character, it is not a string, number, array, or object

The current character read is 'M' with an int value of 77
Unable to determine the current character, it is not a string, number, array, or object
line number 1
index number 0
Method Not Allowed
^
	at org.apache.groovy.json.internal.JsonParserCharArray.decodeValueInternal(JsonParserCharArray.java:202)
	at org.apache.groovy.json.internal.JsonParserCharArray.decodeValue(JsonParserCharArray.java:153)
	at org.apache.groovy.json.internal.JsonParserCharArray.decodeFromChars(JsonParserCharArray.java:43)
	at org.apache.groovy.json.internal.JsonParserCharArray.parse(JsonParserCharArray.java:380)
	at org.apache.groovy.json.internal.BaseJsonParser.parse(BaseJsonParser.java:113)
	at DELETE.run(DELETE:36)
	at com.kms.katalon.core.main.ScriptEngine.run(ScriptEngine.java:194)
	at com.kms.katalon.core.main.ScriptEngine.runScriptAsRawText(ScriptEngine.java:119)
	at com.kms.katalon.core.main.TestCaseExecutor.runScript(TestCaseExecutor.java:448)
	at com.kms.katalon.core.main.TestCaseExecutor.doExecute(TestCaseExecutor.java:439)
	at com.kms.katalon.core.main.TestCaseExecutor.processExecutionPhase(TestCaseExecutor.java:418)
	at com.kms.katalon.core.main.TestCaseExecutor.accessMainPhase(TestCaseExecutor.java:410)
	at com.kms.katalon.core.main.TestCaseExecutor.execute(TestCaseExecutor.java:285)
	at com.kms.katalon.core.common.CommonExecutor.accessTestCaseMainPhase(CommonExecutor.java:65)
	at com.kms.katalon.core.main.TestSuiteExecutor.accessTestSuiteMainPhase(TestSuiteExecutor.java:150)
	at com.kms.katalon.core.main.TestSuiteExecutor.execute(TestSuiteExecutor.java:106)
	at com.kms.katalon.core.main.TestCaseMain.startTestSuite(TestCaseMain.java:180)
	at TempTestSuite1726940383689.run(TempTestSuite1726940383689.groovy:35)
	at java.base/jdk.internal.reflect.NativeMethodAccessorImpl.invoke0(Native Method)
	at java.base/jdk.internal.reflect.NativeMethodAccessorImpl.invoke(NativeMethodAccessorImpl.java:77)
	at java.base/jdk.internal.reflect.DelegatingMethodAccessorImpl.invoke(DelegatingMethodAccessorImpl.java:43)]]></system-err>
   </testsuite>
</testsuites>
