<?xml version="1.0" encoding="UTF-8"?>
<testsuites name="BookinAPi" time="2.966" tests="3" failures="0" errors="1">
   <testsuite name="BookinAPi" tests="3" failures="0" errors="1" time="2.966" skipped="0" timestamp="21-09-2024T22:45:52" hostname="putriirmaw - localhost" id="Test Suites/BookinAPi">
      <properties>
         <property name="deviceName" value=""/>
         <property name="devicePlatform"/>
         <property name="logFolder" value="/Users/putriirmaw/git/katalon-finalapi-PutriIrmaWulandari/Reports/20240921_224551/BookinAPi/20240921_224551"/>
         <property name="logFiles" value="/Users/putriirmaw/git/katalon-finalapi-PutriIrmaWulandari/Reports/20240921_224551/BookinAPi/20240921_224551/execution0.log"/>
         <property name="attachments" value=""/>
         <property name="hostName" value="putriirmaw - localhost"/>
         <property name="hostAddress" value="127.0.0.1"/>
         <property name="os" value="Mac OS X 64bit"/>
         <property name="katalonVersion" value="9.7.2.223"/>
      </properties>
      <testcase name="Test Cases/GET" time="2.502" classname="Test Cases/GET" status="PASSED">
         <system-out><![CDATA[21-09-2024T22:45:52 - [TEST_CASE][PASSED] - Test Cases/GET: Test Cases/GET

21-09-2024T22:45:52 - [TEST_STEP][PASSED] - getResponse = sendRequest(findTestObject("GET")): Send request successfully

21-09-2024T22:45:54 - [MESSAGE][INFO] - HAR: /Users/putriirmaw/git/katalon-finalapi-PutriIrmaWulandari/Reports/20240921_224551/BookinAPi/20240921_224551/requests/main/0.har

21-09-2024T22:45:54 - [MESSAGE][PASSED] - Send request successfully

21-09-2024T22:45:54 - [TEST_STEP][PASSED] - verifyResponseStatusCode(getResponse, 200): Verify response status code successfully

21-09-2024T22:45:54 - [MESSAGE][PASSED] - Verify response status code successfully

21-09-2024T22:45:54 - [TEST_STEP][PASSED] - slurper = new groovy.json.JsonSlurper(): null

21-09-2024T22:45:54 - [TEST_STEP][PASSED] - result = slurper.parseText(getResponse.getResponseBodyContent()): null

21-09-2024T22:45:54 - [TEST_STEP][PASSED] - firstname = firstname: null

21-09-2024T22:45:54 - [TEST_STEP][PASSED] - assert firstname instanceof java.lang.String: null

21-09-2024T22:45:54 - [TEST_STEP][PASSED] - lastname = lastname: null

21-09-2024T22:45:54 - [TEST_STEP][PASSED] - assert lastname instanceof java.lang.String: null

21-09-2024T22:45:54 - [TEST_STEP][PASSED] - totalprice = totalprice: null

21-09-2024T22:45:54 - [TEST_STEP][PASSED] - assert totalprice instanceof java.lang.Integer: null

21-09-2024T22:45:54 - [TEST_STEP][PASSED] - depositpaid = depositpaid: null

21-09-2024T22:45:54 - [TEST_STEP][PASSED] - assert depositpaid instanceof java.lang.Boolean: null

21-09-2024T22:45:54 - [TEST_STEP][PASSED] - bookingdates = bookingdates: null

21-09-2024T22:45:54 - [TEST_STEP][PASSED] - assert bookingdates instanceof java.lang.Object: null

21-09-2024T22:45:54 - [TEST_STEP][PASSED] - checkin = checkin: null

21-09-2024T22:45:54 - [TEST_STEP][PASSED] - assert checkin instanceof java.lang.String: null

21-09-2024T22:45:54 - [TEST_STEP][PASSED] - checkout = checkout: null

21-09-2024T22:45:54 - [TEST_STEP][PASSED] - assert checkout instanceof java.lang.String: null

21-09-2024T22:45:54 - [TEST_STEP][PASSED] - additionalneeds = additionalneeds: null

21-09-2024T22:45:54 - [TEST_STEP][PASSED] - assert additionalneeds instanceof java.lang.String: null

21-09-2024T22:45:54 - [TEST_STEP][PASSED] - println(getResponse): null]]></system-out>
         <system-err><![CDATA[]]></system-err>
      </testcase>
      <testcase name="Test Cases/POST" time="0.357" classname="Test Cases/POST" status="PASSED">
         <system-out><![CDATA[21-09-2024T22:45:54 - [TEST_CASE][PASSED] - Test Cases/POST: Test Cases/POST

21-09-2024T22:45:54 - [TEST_STEP][PASSED] - postResponse = sendRequest(findTestObject("POST")): Send request successfully

21-09-2024T22:45:54 - [MESSAGE][INFO] - HAR: /Users/putriirmaw/git/katalon-finalapi-PutriIrmaWulandari/Reports/20240921_224551/BookinAPi/20240921_224551/requests/main/1.har

21-09-2024T22:45:54 - [MESSAGE][PASSED] - Send request successfully

21-09-2024T22:45:54 - [TEST_STEP][PASSED] - verifyResponseStatusCode(postResponse, 200): Verify response status code successfully

21-09-2024T22:45:54 - [MESSAGE][PASSED] - Verify response status code successfully

21-09-2024T22:45:54 - [TEST_STEP][PASSED] - slurper = new groovy.json.JsonSlurper(): null

21-09-2024T22:45:54 - [TEST_STEP][PASSED] - result = slurper.parseText(postResponse.getResponseBodyContent()): null

21-09-2024T22:45:54 - [TEST_STEP][PASSED] - println(postResponse): null]]></system-out>
         <system-err><![CDATA[]]></system-err>
      </testcase>
      <testcase name="Test Cases/DELETE" time="0.011" classname="Test Cases/DELETE" status="ERROR">
         <error type="ERROR" message="Test Cases/DELETE FAILED.&#xa;Reason:&#xa;org.codehaus.groovy.control.MultipleCompilationErrorsException: startup failed:&#xa;file:/Users/putriirmaw/git/katalon-finalapi-PutriIrmaWulandari/Scripts/DELETE/Script1726932187421.groovy: 33: The current scope already contains a variable of the name result&#xa; @ line 33, column 5.&#xa;   def result = slurper.parseText(delResponse.getResponseBodyContent())&#xa;       ^&#xa;&#xa;1 error&#xa;&#xa;	at com.kms.katalon.core.main.ScriptEngine.getScript(ScriptEngine.java:199)&#xa;	at com.kms.katalon.core.main.ScriptEngine.run(ScriptEngine.java:194)&#xa;	at com.kms.katalon.core.main.ScriptEngine.runScriptAsRawText(ScriptEngine.java:119)&#xa;	at com.kms.katalon.core.main.TestCaseExecutor.runScript(TestCaseExecutor.java:448)&#xa;	at com.kms.katalon.core.main.TestCaseExecutor.doExecute(TestCaseExecutor.java:439)&#xa;	at com.kms.katalon.core.main.TestCaseExecutor.processExecutionPhase(TestCaseExecutor.java:418)&#xa;	at com.kms.katalon.core.main.TestCaseExecutor.accessMainPhase(TestCaseExecutor.java:410)&#xa;	at com.kms.katalon.core.main.TestCaseExecutor.execute(TestCaseExecutor.java:285)&#xa;	at com.kms.katalon.core.main.TestCaseExecutor.execute(TestCaseExecutor.java:369)&#xa;	at com.kms.katalon.core.main.TestCaseExecutor.execute(TestCaseExecutor.java:369)&#xa;	at com.kms.katalon.core.main.TestCaseExecutor.execute(TestCaseExecutor.java:369)&#xa;	at com.kms.katalon.core.common.CommonExecutor.accessTestCaseMainPhase(CommonExecutor.java:65)&#xa;	at com.kms.katalon.core.main.TestSuiteExecutor.accessTestSuiteMainPhase(TestSuiteExecutor.java:150)&#xa;	at com.kms.katalon.core.main.TestSuiteExecutor.execute(TestSuiteExecutor.java:106)&#xa;	at com.kms.katalon.core.main.TestCaseMain.startTestSuite(TestCaseMain.java:180)&#xa;	at TempTestSuite1726933551044.run(TempTestSuite1726933551044.groovy:35)&#xa;	at java.base/jdk.internal.reflect.NativeMethodAccessorImpl.invoke0(Native Method)&#xa;	at java.base/jdk.internal.reflect.NativeMethodAccessorImpl.invoke(NativeMethodAccessorImpl.java:77)&#xa;	at java.base/jdk.internal.reflect.DelegatingMethodAccessorImpl.invoke(DelegatingMethodAccessorImpl.java:43)&#xa;"/>
         <system-out><![CDATA[21-09-2024T22:45:54 - [TEST_CASE][ERROR] - Test Cases/DELETE: Test Cases/DELETE FAILED.
Reason:
org.codehaus.groovy.control.MultipleCompilationErrorsException: startup failed:
file:/Users/putriirmaw/git/katalon-finalapi-PutriIrmaWulandari/Scripts/DELETE/Script1726932187421.groovy: 33: The current scope already contains a variable of the name result
 @ line 33, column 5.
   def result = slurper.parseText(delResponse.getResponseBodyContent())
       ^

1 error

	at com.kms.katalon.core.main.ScriptEngine.getScript(ScriptEngine.java:199)
	at com.kms.katalon.core.main.ScriptEngine.run(ScriptEngine.java:194)
	at com.kms.katalon.core.main.ScriptEngine.runScriptAsRawText(ScriptEngine.java:119)
	at com.kms.katalon.core.main.TestCaseExecutor.runScript(TestCaseExecutor.java:448)
	at com.kms.katalon.core.main.TestCaseExecutor.doExecute(TestCaseExecutor.java:439)
	at com.kms.katalon.core.main.TestCaseExecutor.processExecutionPhase(TestCaseExecutor.java:418)
	at com.kms.katalon.core.main.TestCaseExecutor.accessMainPhase(TestCaseExecutor.java:410)
	at com.kms.katalon.core.main.TestCaseExecutor.execute(TestCaseExecutor.java:285)
	at com.kms.katalon.core.main.TestCaseExecutor.execute(TestCaseExecutor.java:369)
	at com.kms.katalon.core.main.TestCaseExecutor.execute(TestCaseExecutor.java:369)
	at com.kms.katalon.core.main.TestCaseExecutor.execute(TestCaseExecutor.java:369)
	at com.kms.katalon.core.common.CommonExecutor.accessTestCaseMainPhase(CommonExecutor.java:65)
	at com.kms.katalon.core.main.TestSuiteExecutor.accessTestSuiteMainPhase(TestSuiteExecutor.java:150)
	at com.kms.katalon.core.main.TestSuiteExecutor.execute(TestSuiteExecutor.java:106)
	at com.kms.katalon.core.main.TestCaseMain.startTestSuite(TestCaseMain.java:180)
	at TempTestSuite1726933551044.run(TempTestSuite1726933551044.groovy:35)
	at java.base/jdk.internal.reflect.NativeMethodAccessorImpl.invoke0(Native Method)
	at java.base/jdk.internal.reflect.NativeMethodAccessorImpl.invoke(NativeMethodAccessorImpl.java:77)
	at java.base/jdk.internal.reflect.DelegatingMethodAccessorImpl.invoke(DelegatingMethodAccessorImpl.java:43)]]></system-out>
         <system-err><![CDATA[21-09-2024T22:45:54 - [TEST_CASE][ERROR] - Test Cases/DELETE: Test Cases/DELETE FAILED.
Reason:
org.codehaus.groovy.control.MultipleCompilationErrorsException: startup failed:
file:/Users/putriirmaw/git/katalon-finalapi-PutriIrmaWulandari/Scripts/DELETE/Script1726932187421.groovy: 33: The current scope already contains a variable of the name result
 @ line 33, column 5.
   def result = slurper.parseText(delResponse.getResponseBodyContent())
       ^

1 error

	at com.kms.katalon.core.main.ScriptEngine.getScript(ScriptEngine.java:199)
	at com.kms.katalon.core.main.ScriptEngine.run(ScriptEngine.java:194)
	at com.kms.katalon.core.main.ScriptEngine.runScriptAsRawText(ScriptEngine.java:119)
	at com.kms.katalon.core.main.TestCaseExecutor.runScript(TestCaseExecutor.java:448)
	at com.kms.katalon.core.main.TestCaseExecutor.doExecute(TestCaseExecutor.java:439)
	at com.kms.katalon.core.main.TestCaseExecutor.processExecutionPhase(TestCaseExecutor.java:418)
	at com.kms.katalon.core.main.TestCaseExecutor.accessMainPhase(TestCaseExecutor.java:410)
	at com.kms.katalon.core.main.TestCaseExecutor.execute(TestCaseExecutor.java:285)
	at com.kms.katalon.core.main.TestCaseExecutor.execute(TestCaseExecutor.java:369)
	at com.kms.katalon.core.main.TestCaseExecutor.execute(TestCaseExecutor.java:369)
	at com.kms.katalon.core.main.TestCaseExecutor.execute(TestCaseExecutor.java:369)
	at com.kms.katalon.core.common.CommonExecutor.accessTestCaseMainPhase(CommonExecutor.java:65)
	at com.kms.katalon.core.main.TestSuiteExecutor.accessTestSuiteMainPhase(TestSuiteExecutor.java:150)
	at com.kms.katalon.core.main.TestSuiteExecutor.execute(TestSuiteExecutor.java:106)
	at com.kms.katalon.core.main.TestCaseMain.startTestSuite(TestCaseMain.java:180)
	at TempTestSuite1726933551044.run(TempTestSuite1726933551044.groovy:35)
	at java.base/jdk.internal.reflect.NativeMethodAccessorImpl.invoke0(Native Method)
	at java.base/jdk.internal.reflect.NativeMethodAccessorImpl.invoke(NativeMethodAccessorImpl.java:77)
	at java.base/jdk.internal.reflect.DelegatingMethodAccessorImpl.invoke(DelegatingMethodAccessorImpl.java:43)]]></system-err>
      </testcase>
      <system-out><![CDATA[21-09-2024T22:45:52 - [TEST_SUITE][ERROR] - BookinAPi: Test Cases/DELETE FAILED.
Reason:
org.codehaus.groovy.control.MultipleCompilationErrorsException: startup failed:
file:/Users/putriirmaw/git/katalon-finalapi-PutriIrmaWulandari/Scripts/DELETE/Script1726932187421.groovy: 33: The current scope already contains a variable of the name result
 @ line 33, column 5.
   def result = slurper.parseText(delResponse.getResponseBodyContent())
       ^

1 error

	at com.kms.katalon.core.main.ScriptEngine.getScript(ScriptEngine.java:199)
	at com.kms.katalon.core.main.ScriptEngine.run(ScriptEngine.java:194)
	at com.kms.katalon.core.main.ScriptEngine.runScriptAsRawText(ScriptEngine.java:119)
	at com.kms.katalon.core.main.TestCaseExecutor.runScript(TestCaseExecutor.java:448)
	at com.kms.katalon.core.main.TestCaseExecutor.doExecute(TestCaseExecutor.java:439)
	at com.kms.katalon.core.main.TestCaseExecutor.processExecutionPhase(TestCaseExecutor.java:418)
	at com.kms.katalon.core.main.TestCaseExecutor.accessMainPhase(TestCaseExecutor.java:410)
	at com.kms.katalon.core.main.TestCaseExecutor.execute(TestCaseExecutor.java:285)
	at com.kms.katalon.core.common.CommonExecutor.accessTestCaseMainPhase(CommonExecutor.java:65)
	at com.kms.katalon.core.main.TestSuiteExecutor.accessTestSuiteMainPhase(TestSuiteExecutor.java:150)
	at com.kms.katalon.core.main.TestSuiteExecutor.execute(TestSuiteExecutor.java:106)
	at com.kms.katalon.core.main.TestCaseMain.startTestSuite(TestCaseMain.java:180)
	at TempTestSuite1726933551044.run(TempTestSuite1726933551044.groovy:35)
	at java.base/jdk.internal.reflect.NativeMethodAccessorImpl.invoke0(Native Method)
	at java.base/jdk.internal.reflect.NativeMethodAccessorImpl.invoke(NativeMethodAccessorImpl.java:77)
	at java.base/jdk.internal.reflect.DelegatingMethodAccessorImpl.invoke(DelegatingMethodAccessorImpl.java:43)]]></system-out>
      <system-err><![CDATA[21-09-2024T22:45:52 - [TEST_SUITE][ERROR] - BookinAPi: Test Cases/DELETE FAILED.
Reason:
org.codehaus.groovy.control.MultipleCompilationErrorsException: startup failed:
file:/Users/putriirmaw/git/katalon-finalapi-PutriIrmaWulandari/Scripts/DELETE/Script1726932187421.groovy: 33: The current scope already contains a variable of the name result
 @ line 33, column 5.
   def result = slurper.parseText(delResponse.getResponseBodyContent())
       ^

1 error

	at com.kms.katalon.core.main.ScriptEngine.getScript(ScriptEngine.java:199)
	at com.kms.katalon.core.main.ScriptEngine.run(ScriptEngine.java:194)
	at com.kms.katalon.core.main.ScriptEngine.runScriptAsRawText(ScriptEngine.java:119)
	at com.kms.katalon.core.main.TestCaseExecutor.runScript(TestCaseExecutor.java:448)
	at com.kms.katalon.core.main.TestCaseExecutor.doExecute(TestCaseExecutor.java:439)
	at com.kms.katalon.core.main.TestCaseExecutor.processExecutionPhase(TestCaseExecutor.java:418)
	at com.kms.katalon.core.main.TestCaseExecutor.accessMainPhase(TestCaseExecutor.java:410)
	at com.kms.katalon.core.main.TestCaseExecutor.execute(TestCaseExecutor.java:285)
	at com.kms.katalon.core.common.CommonExecutor.accessTestCaseMainPhase(CommonExecutor.java:65)
	at com.kms.katalon.core.main.TestSuiteExecutor.accessTestSuiteMainPhase(TestSuiteExecutor.java:150)
	at com.kms.katalon.core.main.TestSuiteExecutor.execute(TestSuiteExecutor.java:106)
	at com.kms.katalon.core.main.TestCaseMain.startTestSuite(TestCaseMain.java:180)
	at TempTestSuite1726933551044.run(TempTestSuite1726933551044.groovy:35)
	at java.base/jdk.internal.reflect.NativeMethodAccessorImpl.invoke0(Native Method)
	at java.base/jdk.internal.reflect.NativeMethodAccessorImpl.invoke(NativeMethodAccessorImpl.java:77)
	at java.base/jdk.internal.reflect.DelegatingMethodAccessorImpl.invoke(DelegatingMethodAccessorImpl.java:43)]]></system-err>
   </testsuite>
</testsuites>
